[debug] > Exec({file:/C:/Users/SAK/IdeaProjects/DS_SpellChecker/}ds_spellchecker/run, None, None)
[debug] Evaluating tasks: Compile / run
[debug] Running task... Cancel: Signal, check cycles: false, forcegc: true
[info] compiling 1 Scala source to C:\Users\SAK\IdeaProjects\DS_SpellChecker\target\scala-2.13\classes ...
[info] Non-compiled module 'compiler-bridge_2.13' for Scala 2.13.5. Compiling...
[info]   Compilation completed in 56.511s.
[info] done compiling
[error] java.lang.RuntimeException: No main class detected.
[error] 	at scala.sys.package$.error(package.scala:30)
[error] 	at sbt.Defaults$.$anonfun$bgRunTask$4(Defaults.scala:1817)
[error] 	at scala.Option.getOrElse(Option.scala:189)
[error] 	at sbt.Defaults$.$anonfun$bgRunTask$3(Defaults.scala:1817)
[error] 	at scala.Function1.$anonfun$compose$1(Function1.scala:49)
[error] 	at sbt.internal.util.$tilde$greater.$anonfun$$u2219$1(TypeFunctions.scala:62)
[error] 	at sbt.std.Transform$$anon$4.work(Transform.scala:68)
[error] 	at sbt.Execute.$anonfun$submit$2(Execute.scala:282)
[error] 	at sbt.internal.util.ErrorHandling$.wideConvert(ErrorHandling.scala:23)
[error] 	at sbt.Execute.work(Execute.scala:291)
[error] 	at sbt.Execute.$anonfun$submit$1(Execute.scala:282)
[error] 	at sbt.ConcurrentRestrictions$$anon$4.$anonfun$submitValid$1(ConcurrentRestrictions.scala:265)
[error] 	at sbt.CompletionService$$anon$2.call(CompletionService.scala:64)
[error] 	at java.base/java.util.concurrent.FutureTask.run(FutureTask.java:264)
[error] 	at java.base/java.util.concurrent.Executors$RunnableAdapter.call(Executors.java:515)
[error] 	at java.base/java.util.concurrent.FutureTask.run(FutureTask.java:264)
[error] 	at java.base/java.util.concurrent.ThreadPoolExecutor.runWorker(ThreadPoolExecutor.java:1130)
[error] 	at java.base/java.util.concurrent.ThreadPoolExecutor$Worker.run(ThreadPoolExecutor.java:630)
[error] 	at java.base/java.lang.Thread.run(Thread.java:831)
[error] (Compile / bgRun) No main class detected.
[error] Total time: 81 s (01:21), completed 16-Apr-2021, 7:14:31 pm
[debug] > Exec(idea-shell, None, None)
[debug] > Exec(, None, None)
[debug] > Exec(idea-shell, None, None)
