[debug] > Exec(;reload; set _root_.org.jetbrains.sbt.StructureKeys.sbtStructureOptions in Global := "download resolveClassifiers resolveSbtClassifiers" ;*/*:dumpStructureTo C:/Users/SAK/AppData/Local/Temp/sbt-structure.xml; session clear-all ; set ideaPort in Global := 57722, None, None)
[debug] > Exec(reload, None, None)
[debug] > Exec(sbtStashOnFailure, None, None)
[debug] > Exec(onFailure loadFailed, None, None)
[debug] > Exec(loadp, None, None)
[info] welcome to sbt 1.4.7 (AdoptOpenJDK Java 11.0.10)
[debug]       Load.loadUnit: plugins took 6357.4299ms
[debug]       Load.loadUnit: defsScala took 0.0168ms
[debug] [Loading] Scanning directory C:\Users\SAK\.sbt\1.0\plugins
[debug] [Loading] Found non-root projects 
[debug] [Loading] Done in C:\Users\SAK\.sbt\1.0\plugins, returning: ()
[debug] deducing auto plugins based on known facts Set(Atom(sbt.plugins.CorePlugin)) and clauses Clauses(List(Clause(Atom(sbt.plugins.JvmPlugin),Set(Atom(sbt.plugins.IvyPlugin))), Clause(Atom(sbt.ScriptedPlugin),Set(Atom(sbt.plugins.JvmPlugin))), Clause(Atom(sbt.plugins.SbtPlugin),Set(Atom(sbt.ScriptedPlugin))), Clause(Atom(sbt.plugins.SemanticdbPlugin),Set(Atom(sbt.plugins.JvmPlugin))), Clause(Atom(sbt.plugins.JUnitXmlReportPlugin),Set(Atom(sbt.plugins.JvmPlugin))), Clause(Atom(sbt.plugins.MiniDependencyTreePlugin),Set(Atom(sbt.plugins.JvmPlugin))), Clause(Atom(sbt.plugins.CorePlugin),Set(Atom(sbt.plugins.IvyPlugin))), Clause(Atom(sbt.plugins.IvyPlugin),Set(Atom(sbt.plugins.JvmPlugin))), Clause(Atom(sbt.plugins.JvmPlugin),Set(Atom(sbt.plugins.SemanticdbPlugin))), Clause(Atom(sbt.plugins.JvmPlugin),Set(Atom(sbt.plugins.JUnitXmlReportPlugin))), Clause(Atom(sbt.plugins.CorePlugin),Set(Atom(sbt.plugins.Giter8TemplatePlugin))), Clause(Atom(sbt.plugins.JvmPlugin),Set(Atom(sbt.plugins.MiniDependencyTreePlugin)))))
[debug]   :: deduced result: Matched(sbt.plugins.CorePlugin,sbt.plugins.Giter8TemplatePlugin,sbt.plugins.IvyPlugin,sbt.plugins.JvmPlugin,sbt.plugins.MiniDependencyTreePlugin,sbt.plugins.JUnitXmlReportPlugin,sbt.plugins.SemanticdbPlugin)
[debug] Plugins.deducer#function took 783.9491 ms
[debug]           Load.resolveProject(global-plugins) took 1047.1463ms
[debug]         Load.loadTransitive: finalizeProject(Project(id global-plugins, base: C:\Users\SAK\.sbt\1.0\plugins, plugins: List(<none>))) took 2127.7081ms
[debug] [Loading] Done in C:\Users\SAK\.sbt\1.0\plugins, returning: (global-plugins)
[debug]       Load.loadUnit: loadedProjectsRaw took 2833.6521ms
[debug]       Load.loadUnit: cleanEvalClasses took 0.0684ms
[debug]     Load.loadUnit(file:/C:/Users/SAK/.sbt/1.0/plugins/, ...) took 9561.3408ms
[debug]   Load.apply: load took 10745.0855ms
[debug]   Load.apply: resolveProjects took 157.2164ms
[debug]   Load.apply: finalTransforms took 2408.8939ms
[debug]   Load.apply: config.delegates took 127.8124ms
[debug]   Load.apply: Def.make(settings)... took 9544.2869ms
[debug]   Load.apply: structureIndex took 514.8734ms
[debug]   Load.apply: mkStreams took 15.1258ms
[info] loading global plugins from C:\Users\SAK\.sbt\1.0\plugins
[debug] Running task... Cancel: Signal, check cycles: false, forcegc: true
[warn] In the last 53 seconds, 8.979 (17.0%) were spent in GC. [Heap: 1.06GB free of 1.22GB, max 1.50GB] Consider increasing the JVM heap using `-Xmx` or try a different collector, e.g. `-XX:+UseG1GC`, for better performance.
[debug] Forcing garbage collection...
[warn] In the last 148 seconds, 66.934 (45.3%) were spent in GC. [Heap: 0.21GB free of 0.30GB, max 1.50GB] Consider increasing the JVM heap using `-Xmx` or try a different collector, e.g. `-XX:+UseG1GC`, for better performance.
[debug] Load.defaultLoad until apply took 148568.475ms
[debug]           Load.loadUnit: plugins took 4961.5761ms
[debug]           Load.loadUnit: defsScala took 0.008ms
[debug] [Loading] Scanning directory C:\Users\SAK\IdeaProjects\DS_SpellChecker\project
[debug]             Load.loadUnit: mkEval took 71.9457ms
[debug] [Loading] Found non-root projects 
[debug] [Loading] Done in C:\Users\SAK\IdeaProjects\DS_SpellChecker\project, returning: ()
[debug] deducing auto plugins based on known facts Set(Atom(sbt.plugins.CorePlugin)) and clauses Clauses(List(Clause(Atom(sbt.plugins.JvmPlugin),Set(Atom(sbt.plugins.IvyPlugin))), Clause(Atom(sbt.ScriptedPlugin),Set(Atom(sbt.plugins.JvmPlugin))), Clause(Atom(sbt.plugins.SbtPlugin),Set(Atom(sbt.ScriptedPlugin))), Clause(Atom(sbt.plugins.SemanticdbPlugin),Set(Atom(sbt.plugins.JvmPlugin))), Clause(Atom(sbt.plugins.JUnitXmlReportPlugin),Set(Atom(sbt.plugins.JvmPlugin))), Clause(Atom(sbt.plugins.MiniDependencyTreePlugin),Set(Atom(sbt.plugins.JvmPlugin))), Clause(Atom(sbt.plugins.CorePlugin),Set(Atom(sbt.plugins.IvyPlugin))), Clause(Atom(sbt.plugins.IvyPlugin),Set(Atom(sbt.plugins.JvmPlugin))), Clause(Atom(sbt.plugins.JvmPlugin),Set(Atom(sbt.plugins.SemanticdbPlugin))), Clause(Atom(sbt.plugins.JvmPlugin),Set(Atom(sbt.plugins.JUnitXmlReportPlugin))), Clause(Atom(sbt.plugins.CorePlugin),Set(Atom(sbt.plugins.Giter8TemplatePlugin))), Clause(Atom(sbt.plugins.JvmPlugin),Set(Atom(sbt.plugins.MiniDependencyTreePlugin)))))
[debug]   :: deduced result: Matched(sbt.plugins.CorePlugin,sbt.plugins.Giter8TemplatePlugin,sbt.plugins.IvyPlugin,sbt.plugins.JvmPlugin,sbt.plugins.MiniDependencyTreePlugin,sbt.plugins.JUnitXmlReportPlugin,sbt.plugins.SemanticdbPlugin)
[debug] Plugins.deducer#function took 2.0181 ms
[info] loading settings for project ds_spellchecker-build from idea.sbt ...
[debug]               Load.resolveProject(ds_spellchecker-build) took 3.9582ms
[debug]             Load.loadTransitive: finalizeProject(Project(id ds_spellchecker-build, base: C:\Users\SAK\IdeaProjects\DS_SpellChecker\project, plugins: List(<none>))) took 6.8372ms
[debug] [Loading] Done in C:\Users\SAK\IdeaProjects\DS_SpellChecker\project, returning: (ds_spellchecker-build)
[debug]           Load.loadUnit: loadedProjectsRaw took 2901.2599ms
[debug]           Load.loadUnit: cleanEvalClasses took 15.9521ms
[debug]         Load.loadUnit(file:/C:/Users/SAK/IdeaProjects/DS_SpellChecker/project/, ...) took 7880.2756ms
[debug]       Load.apply: load took 7883.1428ms
[debug]       Load.apply: resolveProjects took 0.292ms
[debug]       Load.apply: finalTransforms took 47.3531ms
[debug]       Load.apply: config.delegates took 0.6427ms
[debug]       Load.apply: Def.make(settings)... took 619.0172ms
[debug]       Load.apply: structureIndex took 29.29ms
[debug]       Load.apply: mkStreams took 0.0075ms
[info] loading project definition from C:\Users\SAK\IdeaProjects\DS_SpellChecker\project
[debug] Running task... Cancel: Signal, check cycles: false, forcegc: true
[debug]     Load.loadUnit: plugins took 11308.7287ms
[debug]     Load.loadUnit: defsScala took 0.0056ms
[debug] [Loading] Scanning directory C:\Users\SAK\IdeaProjects\DS_SpellChecker
[debug]       Load.loadUnit: mkEval took 0.4804ms
[debug] [Loading] Found non-root projects 
[debug] [Loading] Done in C:\Users\SAK\IdeaProjects\DS_SpellChecker, returning: ()
[debug] deducing auto plugins based on known facts Set(Atom(sbt.plugins.CorePlugin)) and clauses Clauses(List(Clause(Atom(sbt.plugins.JvmPlugin),Set(Atom(sbt.plugins.IvyPlugin))), Clause(Atom(sbt.ScriptedPlugin),Set(Atom(sbt.plugins.JvmPlugin))), Clause(Atom(sbt.plugins.SbtPlugin),Set(Atom(sbt.ScriptedPlugin))), Clause(Atom(sbt.plugins.SemanticdbPlugin),Set(Atom(sbt.plugins.JvmPlugin))), Clause(Atom(sbt.plugins.JUnitXmlReportPlugin),Set(Atom(sbt.plugins.JvmPlugin))), Clause(Atom(sbt.plugins.MiniDependencyTreePlugin),Set(Atom(sbt.plugins.JvmPlugin))), Clause(Atom(org.jetbrains.sbt.StructurePlugin),Set(Atom(sbt.plugins.JvmPlugin))), Clause(Atom(org.jetbrains.sbt.IdeaShellPlugin),Set(Atom(sbt.plugins.JvmPlugin))), Clause(Atom(org.jetbrains.sbt.indices.SbtIntellijIndicesPlugin),Set(Atom(sbt.plugins.JvmPlugin))), Clause(Atom(sbt.plugins.CorePlugin),Set(Atom(sbt.plugins.IvyPlugin))), Clause(Atom(sbt.plugins.IvyPlugin),Set(Atom(sbt.plugins.JvmPlugin))), Clause(Atom(sbt.plugins.JvmPlugin),Set(Atom(sbt.plugins.SemanticdbPlugin))), Clause(Atom(sbt.plugins.JvmPlugin),Set(Atom(sbt.plugins.JUnitXmlReportPlugin))), Clause(Atom(sbt.plugins.CorePlugin),Set(Atom(sbt.plugins.Giter8TemplatePlugin))), Clause(Atom(sbt.plugins.JvmPlugin),Set(Atom(sbt.plugins.MiniDependencyTreePlugin))), Clause(Atom(sbt.plugins.JvmPlugin),Set(Atom(org.jetbrains.sbt.StructurePlugin))), Clause(Atom(sbt.plugins.JvmPlugin),Set(Atom(org.jetbrains.sbt.IdeaShellPlugin))), Clause(And(Set(Atom(sbt.plugins.CorePlugin), Atom(sbt.plugins.JvmPlugin))),Set(Atom(org.jetbrains.sbt.indices.SbtIntellijIndicesPlugin)))))
[debug]   :: deduced result: Matched(sbt.plugins.CorePlugin,sbt.plugins.Giter8TemplatePlugin,sbt.plugins.IvyPlugin,sbt.plugins.JvmPlugin,sbt.plugins.SemanticdbPlugin,org.jetbrains.sbt.indices.SbtIntellijIndicesPlugin,sbt.plugins.JUnitXmlReportPlugin,org.jetbrains.sbt.IdeaShellPlugin,org.jetbrains.sbt.StructurePlugin,sbt.plugins.MiniDependencyTreePlugin)
[debug] Plugins.deducer#function took 1.86 ms
[info] loading settings for project ds_spellchecker from build.sbt ...
[debug]         Load.resolveProject(ds_spellchecker) took 363.2875ms
[debug]       Load.loadTransitive: finalizeProject(Project(id ds_spellchecker, base: C:\Users\SAK\IdeaProjects\DS_SpellChecker, plugins: List(<none>))) took 365.9999ms
[debug] [Loading] Done in C:\Users\SAK\IdeaProjects\DS_SpellChecker, returning: (ds_spellchecker)
[debug]     Load.loadUnit: loadedProjectsRaw took 22073.1894ms
[debug]     Load.loadUnit: cleanEvalClasses took 126.1138ms
[debug]   Load.loadUnit(file:/C:/Users/SAK/IdeaProjects/DS_SpellChecker/, ...) took 33509.5162ms
[debug] Load.apply: load took 33512.069ms
[debug] Load.apply: resolveProjects took 0.1525ms
[debug] Load.apply: finalTransforms took 279.3444ms
[debug] Load.apply: config.delegates took 1.3472ms
[debug] Load.apply: Def.make(settings)... took 869.5538ms
[debug] Load.apply: structureIndex took 339.4402ms
[debug] Load.apply: mkStreams took 0.0069ms
[warn] Discarding 1 session setting.  Use 'session save' to persist session settings.
[info] set current project to DS_SpellChecker (in build file:/C:/Users/SAK/IdeaProjects/DS_SpellChecker/)
[debug] > Exec(sbtPopOnFailure, None, None)
[debug] > Exec(resumeFromFailure, None, None)
[debug] > Exec(set _root_.org.jetbrains.sbt.StructureKeys.sbtStructureOptions in Global := "download resolveClassifiers resolveSbtClassifiers", None, None)
[info] Defining Global / sbtStructureOptions
[info] The new value will be used by Global / ssOptions
[debug] Defining 
[debug] 	Global / sbtStructureOptions
[debug] 
[debug] The new value will be used by 
[debug] 	Global / ssOptions
[info] Reapplying settings...
[info] set current project to DS_SpellChecker (in build file:/C:/Users/SAK/IdeaProjects/DS_SpellChecker/)
[debug] > Exec(*/*:dumpStructureTo C:/Users/SAK/AppData/Local/Temp/sbt-structure.xml, None, None)
[debug] Evaluating tasks: Global / dumpStructureTo
[debug] Running task... Cancel: Signal, check cycles: false, forcegc: true
[warn] There may be incompatibilities among your library dependencies; run 'evicted' to see detailed eviction warnings.
[warn] There may be incompatibilities among your library dependencies; run 'evicted' to see detailed eviction warnings.
[info] Writing structure to C:\Users\SAK\AppData\Local\Temp\sbt-structure.xml...
[info] Done.
[success] Total time: 258 s (04:18), completed 20-Apr-2021, 11:11:24 PM
[debug] > Exec(session clear-all, None, None)
[info] Reapplying settings...
[info] set current project to DS_SpellChecker (in build file:/C:/Users/SAK/IdeaProjects/DS_SpellChecker/)
[debug] > Exec(set ideaPort in Global := 57722, None, None)
[info] Defining Global / ideaPort
[info] The new value will be used by Compile / compile, Test / compile
[debug] Defining 
[debug] 	Global / ideaPort
[debug] 
[debug] The new value will be used by 
[debug] 	Compile / compile
[debug] 	Test / compile
[info] Reapplying settings...
[info] set current project to DS_SpellChecker (in build file:/C:/Users/SAK/IdeaProjects/DS_SpellChecker/)
[debug] > Exec(idea-shell, None, None)
[debug] > Exec(, None, None)
[debug] > Exec(idea-shell, None, None)
[warn] In the last 1579 seconds, 14.139 (0.9%) were spent in GC. [Heap: 0.90GB free of 1.07GB, max 1.50GB] Consider increasing the JVM heap using `-Xmx` or try a different collector, e.g. `-XX:+UseG1GC`, for better performance.
